2017-06-28 10:49:57,795 INFO o.a.j.u.JMeterUtils: Setting Locale to fr_FR
2017-06-28 10:49:57,812 INFO o.a.j.u.JMeterUtils: Could not find resources for 'fr_FR', using 'fr'
2017-06-28 10:49:57,814 INFO o.a.j.JMeter: Loading user properties from: /Users/vincent/Projects/apache-jmeter-3.2/bin/user.properties
2017-06-28 10:49:57,814 INFO o.a.j.JMeter: Loading system properties from: /Users/vincent/Projects/apache-jmeter-3.2/bin/system.properties
2017-06-28 10:49:57,821 INFO o.a.j.JMeter: Copyright (c) 1998-2017 The Apache Software Foundation
2017-06-28 10:49:57,821 INFO o.a.j.JMeter: Version 3.2 r1790748
2017-06-28 10:49:57,821 INFO o.a.j.JMeter: java.version=1.8.0_111
2017-06-28 10:49:57,821 INFO o.a.j.JMeter: java.vm.name=Java HotSpot(TM) 64-Bit Server VM
2017-06-28 10:49:57,821 INFO o.a.j.JMeter: os.name=Mac OS X
2017-06-28 10:49:57,821 INFO o.a.j.JMeter: os.arch=x86_64
2017-06-28 10:49:57,821 INFO o.a.j.JMeter: os.version=10.12.4
2017-06-28 10:49:57,821 INFO o.a.j.JMeter: file.encoding=UTF-8
2017-06-28 10:49:57,821 INFO o.a.j.JMeter: Max memory     =536870912
2017-06-28 10:49:57,821 INFO o.a.j.JMeter: Available Processors =4
2017-06-28 10:49:57,830 INFO o.a.j.JMeter: Default Locale=français (France)
2017-06-28 10:49:57,830 INFO o.a.j.JMeter: JMeter  Locale=français (France)
2017-06-28 10:49:57,830 INFO o.a.j.JMeter: JMeterHome=/Users/vincent/Projects/apache-jmeter-3.2
2017-06-28 10:49:57,830 INFO o.a.j.JMeter: user.dir  =/Users/vincent/Projects/ngpib
2017-06-28 10:49:57,831 INFO o.a.j.JMeter: PWD       =/Users/vincent/Projects/ngpib
2017-06-28 10:50:02,860 INFO o.a.j.JMeter: IP: 172.17.107.34 Name: MacBook-Pro-de-Vincent.local FullName: 172.17.107.34
2017-06-28 10:50:05,420 INFO o.a.j.g.a.LookAndFeelCommand: Using look and feel: com.apple.laf.AquaLookAndFeel [Mac OS X, System]
2017-06-28 10:50:05,430 INFO o.a.j.JMeter: Loaded icon properties from org/apache/jmeter/images/icon.properties
2017-06-28 10:50:06,240 INFO o.a.j.e.u.CompoundVariable: Note: Function class names must contain the string: '.functions.'
2017-06-28 10:50:06,240 INFO o.a.j.e.u.CompoundVariable: Note: Function class names must not contain the string: '.gui.'
2017-06-28 10:50:07,808 INFO o.a.j.g.u.MenuFactory: Skipping org.apache.jmeter.assertions.BSFAssertion
2017-06-28 10:50:08,379 INFO o.a.j.g.u.MenuFactory: Skipping org.apache.jmeter.extractor.BSFPostProcessor
2017-06-28 10:50:08,418 INFO o.a.j.g.u.MenuFactory: Skipping org.apache.jmeter.modifiers.BSFPreProcessor
2017-06-28 10:50:08,467 INFO o.a.j.p.h.s.HTTPSamplerBase: Parser for text/html is org.apache.jmeter.protocol.http.parser.LagartoBasedHtmlParser
2017-06-28 10:50:08,468 INFO o.a.j.p.h.s.HTTPSamplerBase: Parser for application/xhtml+xml is org.apache.jmeter.protocol.http.parser.LagartoBasedHtmlParser
2017-06-28 10:50:08,468 INFO o.a.j.p.h.s.HTTPSamplerBase: Parser for application/xml is org.apache.jmeter.protocol.http.parser.LagartoBasedHtmlParser
2017-06-28 10:50:08,468 INFO o.a.j.p.h.s.HTTPSamplerBase: Parser for text/xml is org.apache.jmeter.protocol.http.parser.LagartoBasedHtmlParser
2017-06-28 10:50:08,468 INFO o.a.j.p.h.s.HTTPSamplerBase: Parser for text/vnd.wap.wml is org.apache.jmeter.protocol.http.parser.RegexpHTMLParser
2017-06-28 10:50:08,468 INFO o.a.j.p.h.s.HTTPSamplerBase: Parser for text/css is org.apache.jmeter.protocol.http.parser.CssParser
2017-06-28 10:50:09,013 INFO o.a.j.e.KeyToolUtils: keytool found at 'keytool'
2017-06-28 10:50:09,014 INFO o.a.j.p.h.p.ProxyControl: HTTP(S) Test Script Recorder SSL Proxy will use keys that support embedded 3rd party resources in file /Users/vincent/Projects/apache-jmeter-3.2/bin/proxyserver.jks
2017-06-28 10:50:09,169 INFO o.a.j.g.u.MenuFactory: Skipping org.apache.jmeter.protocol.java.sampler.BSFSampler
2017-06-28 10:50:09,225 INFO o.a.j.s.FileServer: Default base='/Users/vincent/Projects/ngpib'
2017-06-28 10:50:09,358 INFO o.a.j.g.u.MenuFactory: Skipping org.apache.jmeter.protocol.mongodb.config.MongoSourceElement
2017-06-28 10:50:09,358 INFO o.a.j.g.u.MenuFactory: Skipping org.apache.jmeter.protocol.mongodb.sampler.MongoScriptSampler
2017-06-28 10:50:09,525 INFO o.a.j.g.u.MenuFactory: Skipping org.apache.jmeter.timers.BSFTimer
2017-06-28 10:50:09,570 INFO o.a.j.g.u.MenuFactory: Skipping org.apache.jmeter.visualizers.BSFListener
2017-06-28 10:50:09,772 INFO o.a.j.s.SampleResult: Note: Sample TimeStamps are START times
2017-06-28 10:50:09,772 INFO o.a.j.s.SampleResult: sampleresult.default.encoding is set to ISO-8859-1
2017-06-28 10:50:09,772 INFO o.a.j.s.SampleResult: sampleresult.useNanoTime=true
2017-06-28 10:50:09,774 INFO o.a.j.s.SampleResult: sampleresult.nanoThreadSleep=5000
2017-06-28 10:50:26,303 INFO o.a.j.g.a.Load: Loading file: /Users/vincent/Projects/ngpib/Scenario_1.jmx
2017-06-28 10:50:26,303 INFO o.a.j.s.FileServer: Set new base='/Users/vincent/Projects/ngpib'
2017-06-28 10:50:26,412 INFO o.a.j.s.SaveService: Testplan (JMX) version: 2.2. Testlog (JTL) version: 2.2
2017-06-28 10:50:26,430 INFO o.a.j.s.SaveService: Using SaveService properties file encoding UTF-8
2017-06-28 10:50:26,432 INFO o.a.j.s.SaveService: Using SaveService properties version 3.2
2017-06-28 10:50:26,436 INFO o.a.j.s.SaveService: Loading file: /Users/vincent/Projects/ngpib/Scenario_1.jmx
